<?xml version="1.0" encoding="UTF-8"?>
<testng-results ignored="0" total="1" passed="1" failed="0" skipped="0">
  <reporter-output>
  </reporter-output>
  <suite started-at="2024-11-15T07:43:26 IST" name="Default suite" finished-at="2024-11-15T07:44:54 IST" duration-ms="87668">
    <groups>
    </groups>
    <test started-at="2024-11-15T07:43:26 IST" name="Default test" finished-at="2024-11-15T07:44:54 IST" duration-ms="87668">
      <class name="com.mystore.actiondriver.TestClass">
        <test-method is-config="true" signature="setup()[pri:0, instance:com.mystore.actiondriver.TestClass@5c6648b0]" started-at="2024-11-15T07:43:26 IST" name="setup" finished-at="2024-11-15T07:43:34 IST" duration-ms="7501" status="PASS">
          <reporter-output>
          </reporter-output>
        </test-method> <!-- setup -->
        <test-method signature="testing()[pri:0, instance:com.mystore.actiondriver.TestClass@5c6648b0]" started-at="2024-11-15T07:43:34 IST" name="testing" finished-at="2024-11-15T07:44:54 IST" duration-ms="80114" status="PASS">
          <reporter-output>
          </reporter-output>
        </test-method> <!-- testing -->
        <test-method is-config="true" signature="close()[pri:0, instance:com.mystore.actiondriver.TestClass@5c6648b0]" started-at="2024-11-15T07:44:54 IST" name="close" finished-at="2024-11-15T07:44:54 IST" duration-ms="4" status="PASS">
          <reporter-output>
          </reporter-output>
        </test-method> <!-- close -->
      </class> <!-- com.mystore.actiondriver.TestClass -->
    </test> <!-- Default test -->
  </suite> <!-- Default suite -->
</testng-results>
